<?xml version="1.0" encoding="UTF-8"?>
<!-- Generated by org.testng.reporters.JUnitReportReporter -->
<testsuite hostname="LAPTOP-G93O00BF" failures="0" tests="1" name="test.RedBTest" time="18.041" errors="0" timestamp="2022-10-25T13:50:43 IST" skipped="0">
  <testcase classname="test.RedBTest" name="bookTicketTest" time="18.041"/>
  <system-out/>
</testsuite> <!-- test.RedBTest -->
